This file contains any messages produced by compilers while
running configure, to aid debugging if configure makes a mistake.

It was created by spatialindex configure 1.8.5, which was
generated by GNU Autoconf 2.69.  Invocation command line was

  $ ./configure 

## --------- ##
## Platform. ##
## --------- ##

hostname = Zachs-MBP-2
uname -m = x86_64
uname -r = 19.2.0
uname -s = Darwin
uname -v = Darwin Kernel Version 19.2.0: Sat Nov  9 03:47:04 PST 2019; root:xnu-6153.61.1~20/RELEASE_X86_64

/usr/bin/uname -p = i386
/bin/uname -X     = unknown

/bin/arch              = unknown
/usr/bin/arch -k       = unknown
/usr/convex/getsysinfo = unknown
/usr/bin/hostinfo      = Mach kernel version:
	 Darwin Kernel Version 19.2.0: Sat Nov  9 03:47:04 PST 2019; root:xnu-6153.61.1~20/RELEASE_X86_64
Kernel configured for up to 8 processors.
4 processors are physically available.
8 processors are logically available.
Processor type: x86_64h (Intel x86-64h Haswell)
Processors active: 0 1 2 3 4 5 6 7
Primary memory available: 16.00 gigabytes
Default processor set: 457 tasks, 1816 threads, 8 processors
Load average: 1.55, Mach factor: 6.43
/bin/machine           = unknown
/usr/bin/oslevel       = unknown
/bin/universe          = unknown

PATH: /usr/local/bin
PATH: /usr/bin
PATH: /bin
PATH: /usr/sbin
PATH: /sbin
PATH: /opt/X11/bin


## ----------- ##
## Core tests. ##
## ----------- ##

configure:2377: checking build system type
configure:2391: result: x86_64-apple-darwin19.2.0
configure:2477: checking for g++
configure:2493: found /usr/bin/g++
configure:2504: result: g++
configure:2531: checking for C++ compiler version
configure:2540: g++ --version >&5
Apple clang version 11.0.0 (clang-1100.0.33.17)
Target: x86_64-apple-darwin19.2.0
Thread model: posix
InstalledDir: /Applications/Xcode.app/Contents/Developer/Toolchains/XcodeDefault.xctoolchain/usr/bin
Configured with: --prefix=/Applications/Xcode.app/Contents/Developer/usr --with-gxx-include-dir=/Applications/Xcode.app/Contents/Developer/Platforms/MacOSX.platform/Developer/SDKs/MacOSX.sdk/usr/include/c++/4.2.1
configure:2551: $? = 0
configure:2540: g++ -v >&5
Configured with: --prefix=/Applications/Xcode.app/Contents/Developer/usr --with-gxx-include-dir=/Applications/Xcode.app/Contents/Developer/Platforms/MacOSX.platform/Developer/SDKs/MacOSX.sdk/usr/include/c++/4.2.1
Apple clang version 11.0.0 (clang-1100.0.33.17)
Target: x86_64-apple-darwin19.2.0
Thread model: posix
InstalledDir: /Applications/Xcode.app/Contents/Developer/Toolchains/XcodeDefault.xctoolchain/usr/bin
configure:2551: $? = 0
configure:2540: g++ -V >&5
clang: error: unsupported option '-V -Wno-framework-include-private-from-public'
clang: error: no input files
configure:2551: $? = 1
configure:2540: g++ -qversion >&5
clang: error: unknown argument '-qversion', did you mean '--version'?
clang: error: no input files
configure:2551: $? = 1
configure:2571: checking whether the C++ compiler works
configure:2593: g++ -Wall -Wno-long-long -pedantic -std=c++98    conftest.cpp  >&5
configure:2597: $? = 0
configure:2645: result: yes
configure:2648: checking for C++ compiler default output file name
configure:2650: result: a.out
configure:2656: checking for suffix of executables
configure:2663: g++ -o conftest -Wall -Wno-long-long -pedantic -std=c++98    conftest.cpp  >&5
configure:2667: $? = 0
configure:2689: result: 
configure:2711: checking whether we are cross compiling
configure:2719: g++ -o conftest -Wall -Wno-long-long -pedantic -std=c++98    conftest.cpp  >&5
configure:2723: $? = 0
configure:2730: ./conftest
configure:2734: $? = 0
configure:2749: result: no
configure:2754: checking for suffix of object files
configure:2776: g++ -c -Wall -Wno-long-long -pedantic -std=c++98   conftest.cpp >&5
configure:2780: $? = 0
configure:2801: result: o
configure:2805: checking whether we are using the GNU C++ compiler
configure:2824: g++ -c -Wall -Wno-long-long -pedantic -std=c++98   conftest.cpp >&5
configure:2824: $? = 0
configure:2833: result: yes
configure:2842: checking whether g++ accepts -g
configure:2862: g++ -c -g  conftest.cpp >&5
configure:2862: $? = 0
configure:2903: result: yes
configure:2931: checking how to run the C++ preprocessor
configure:2958: g++ -E  conftest.cpp
configure:2958: $? = 0
configure:2972: g++ -E  conftest.cpp
conftest.cpp:9:10: fatal error: 'ac_nonexistent.h' file not found
#include <ac_nonexistent.h>
         ^~~~~~~~~~~~~~~~~~
1 error generated.
configure:2972: $? = 1
configure: failed program was:
| /* confdefs.h */
| #define PACKAGE_NAME "spatialindex"
| #define PACKAGE_TARNAME "spatialindex-src"
| #define PACKAGE_VERSION "1.8.5"
| #define PACKAGE_STRING "spatialindex 1.8.5"
| #define PACKAGE_BUGREPORT "mhadji@gmail.com"
| #define PACKAGE_URL ""
| /* end confdefs.h.  */
| #include <ac_nonexistent.h>
configure:2997: result: g++ -E
configure:3017: g++ -E  conftest.cpp
configure:3017: $? = 0
configure:3031: g++ -E  conftest.cpp
conftest.cpp:9:10: fatal error: 'ac_nonexistent.h' file not found
#include <ac_nonexistent.h>
         ^~~~~~~~~~~~~~~~~~
1 error generated.
configure:3031: $? = 1
configure: failed program was:
| /* confdefs.h */
| #define PACKAGE_NAME "spatialindex"
| #define PACKAGE_TARNAME "spatialindex-src"
| #define PACKAGE_VERSION "1.8.5"
| #define PACKAGE_STRING "spatialindex 1.8.5"
| #define PACKAGE_BUGREPORT "mhadji@gmail.com"
| #define PACKAGE_URL ""
| /* end confdefs.h.  */
| #include <ac_nonexistent.h>
configure:3073: checking for a BSD-compatible install
configure:3141: result: /usr/bin/install -c
configure:3152: checking whether ln -s works
configure:3156: result: yes
configure:3163: checking whether make sets $(MAKE)
configure:3185: result: yes
configure:3219: checking host system type
configure:3232: result: x86_64-apple-darwin19.2.0
configure:3273: checking how to print strings
configure:3300: result: printf
configure:3372: checking for gcc
configure:3388: found /usr/bin/gcc
configure:3399: result: gcc
configure:3628: checking for C compiler version
configure:3637: gcc --version >&5
Apple clang version 11.0.0 (clang-1100.0.33.17)
Target: x86_64-apple-darwin19.2.0
Thread model: posix
InstalledDir: /Applications/Xcode.app/Contents/Developer/Toolchains/XcodeDefault.xctoolchain/usr/bin
Configured with: --prefix=/Applications/Xcode.app/Contents/Developer/usr --with-gxx-include-dir=/Applications/Xcode.app/Contents/Developer/Platforms/MacOSX.platform/Developer/SDKs/MacOSX.sdk/usr/include/c++/4.2.1
configure:3648: $? = 0
configure:3637: gcc -v >&5
Configured with: --prefix=/Applications/Xcode.app/Contents/Developer/usr --with-gxx-include-dir=/Applications/Xcode.app/Contents/Developer/Platforms/MacOSX.platform/Developer/SDKs/MacOSX.sdk/usr/include/c++/4.2.1
Apple clang version 11.0.0 (clang-1100.0.33.17)
Target: x86_64-apple-darwin19.2.0
Thread model: posix
InstalledDir: /Applications/Xcode.app/Contents/Developer/Toolchains/XcodeDefault.xctoolchain/usr/bin
configure:3648: $? = 0
configure:3637: gcc -V >&5
clang: error: unsupported option '-V -Wno-framework-include-private-from-public'
clang: error: no input files
configure:3648: $? = 1
configure:3637: gcc -qversion >&5
clang: error: unknown argument '-qversion', did you mean '--version'?
clang: error: no input files
configure:3648: $? = 1
configure:3652: checking whether we are using the GNU C compiler
configure:3671: gcc -c -Wall -Wno-long-long -pedantic   conftest.c >&5
configure:3671: $? = 0
configure:3680: result: yes
configure:3689: checking whether gcc accepts -g
configure:3709: gcc -c -g  conftest.c >&5
configure:3709: $? = 0
configure:3750: result: yes
configure:3767: checking for gcc option to accept ISO C89
configure:3830: gcc  -c -Wall -Wno-long-long -pedantic   conftest.c >&5
configure:3830: $? = 0
configure:3843: result: none needed
configure:3868: checking whether gcc understands -c and -o together
configure:3890: gcc -c conftest.c -o conftest2.o
configure:3893: $? = 0
configure:3890: gcc -c conftest.c -o conftest2.o
configure:3893: $? = 0
configure:3905: result: yes
configure:3922: checking for a sed that does not truncate output
configure:3986: result: /usr/bin/sed
configure:4004: checking for grep that handles long lines and -e
configure:4062: result: /usr/bin/grep
configure:4067: checking for egrep
configure:4129: result: /usr/bin/grep -E
configure:4134: checking for fgrep
configure:4196: result: /usr/bin/grep -F
configure:4231: checking for ld used by gcc
configure:4298: result: /Applications/Xcode.app/Contents/Developer/Toolchains/XcodeDefault.xctoolchain/usr/bin/ld
configure:4305: checking if the linker (/Applications/Xcode.app/Contents/Developer/Toolchains/XcodeDefault.xctoolchain/usr/bin/ld) is GNU ld
configure:4320: result: no
configure:4332: checking for BSD- or MS-compatible name lister (nm)
configure:4381: result: /usr/bin/nm -B
configure:4511: checking the name lister (/usr/bin/nm -B) interface
configure:4518: gcc -c -Wall -Wno-long-long -pedantic   conftest.c >&5
configure:4521: /usr/bin/nm -B "conftest.o"
configure:4524: output
0000000000000000 S _some_variable
configure:4531: result: BSD nm
configure:4535: checking the maximum length of command line arguments
configure:4666: result: 196608
configure:4683: checking whether the shell understands some XSI constructs
configure:4693: result: yes
configure:4697: checking whether the shell understands "+="
configure:4703: result: yes
configure:4738: checking how to convert x86_64-apple-darwin19.2.0 file names to x86_64-apple-darwin19.2.0 format
configure:4778: result: func_convert_file_noop
configure:4785: checking how to convert x86_64-apple-darwin19.2.0 file names to toolchain format
configure:4805: result: func_convert_file_noop
configure:4812: checking for /Applications/Xcode.app/Contents/Developer/Toolchains/XcodeDefault.xctoolchain/usr/bin/ld option to reload object files
configure:4819: result: -r
configure:4893: checking for objdump
configure:4909: found /usr/bin/objdump
configure:4920: result: objdump
configure:4952: checking how to recognize dependent libraries
configure:5150: result: pass_all
configure:5235: checking for dlltool
configure:5265: result: no
configure:5295: checking how to associate runtime and link libraries
configure:5322: result: printf %s\n
configure:5383: checking for ar
configure:5399: found /usr/bin/ar
configure:5410: result: ar
configure:5447: checking for archiver @FILE support
configure:5464: gcc -c -Wall -Wno-long-long -pedantic   conftest.c >&5
configure:5464: $? = 0
configure:5467: ar cru libconftest.a @conftest.lst >&5
ar: @conftest.lst: No such file or directory
configure:5470: $? = 1
configure:5490: result: no
configure:5548: checking for strip
configure:5564: found /usr/bin/strip
configure:5575: result: strip
configure:5647: checking for ranlib
configure:5663: found /usr/bin/ranlib
configure:5674: result: ranlib
configure:5751: checking for gawk
configure:5781: result: no
configure:5751: checking for mawk
configure:5781: result: no
configure:5751: checking for nawk
configure:5781: result: no
configure:5751: checking for awk
configure:5767: found /usr/bin/awk
configure:5778: result: awk
configure:5818: checking command to parse /usr/bin/nm -B output from gcc object
configure:5938: gcc -c -Wall -Wno-long-long -pedantic   conftest.c >&5
configure:5941: $? = 0
configure:5945: /usr/bin/nm -B conftest.o \| sed -n -e 's/^.*[ ]\([BCDEGRST][BCDEGRST]*\)[ ][ ]*\([_A-Za-z][_A-Za-z0-9]*\)$/\1 \2 \2/p' | sed '/ __gnu_lto/d' \> conftest.nm
configure:5948: $? = 0
cannot find nm_test_var in conftest.nm
configure:5938: gcc -c -Wall -Wno-long-long -pedantic   conftest.c >&5
configure:5941: $? = 0
configure:5945: /usr/bin/nm -B conftest.o \| sed -n -e 's/^.*[ ]\([BCDEGRST][BCDEGRST]*\)[ ][ ]*_\([_A-Za-z][_A-Za-z0-9]*\)$/\1 _\2 \2/p' | sed '/ __gnu_lto/d' \> conftest.nm
configure:5948: $? = 0
configure:6014: gcc -o conftest -Wall -Wno-long-long -pedantic    conftest.c conftstm.o >&5
configure:6017: $? = 0
configure:6055: result: ok
configure:6092: checking for sysroot
configure:6122: result: no
configure:6391: checking for mt
configure:6421: result: no
configure:6441: checking if : is a manifest tool
configure:6447: : '-?'
configure:6455: result: no
configure:6511: checking for dsymutil
configure:6527: found /usr/bin/dsymutil
configure:6538: result: dsymutil
configure:6603: checking for nmedit
configure:6619: found /usr/bin/nmedit
configure:6630: result: nmedit
configure:6695: checking for lipo
configure:6711: found /usr/bin/lipo
configure:6722: result: lipo
configure:6787: checking for otool
configure:6803: found /usr/bin/otool
configure:6814: result: otool
configure:6879: checking for otool64
configure:6909: result: no
configure:6954: checking for -single_module linker flag
gcc -Wall -Wno-long-long -pedantic   -o libconftest.dylib -dynamiclib -Wl,-single_module conftest.c
configure:6987: result: yes
configure:6990: checking for -exported_symbols_list linker flag
configure:7010: gcc -o conftest -Wall -Wno-long-long -pedantic    -Wl,-exported_symbols_list,conftest.sym conftest.c  >&5
configure:7010: $? = 0
configure:7020: result: yes
configure:7023: checking for -force_load linker flag
gcc -Wall -Wno-long-long -pedantic  -c -o conftest.o conftest.c
ar cru libconftest.a conftest.o
ranlib libconftest.a
gcc -Wall -Wno-long-long -pedantic   -o conftest conftest.c -Wl,-force_load,./libconftest.a
configure:7055: result: yes
configure:7097: checking how to run the C preprocessor
configure:7128: gcc -E  conftest.c
configure:7128: $? = 0
configure:7142: gcc -E  conftest.c
conftest.c:9:10: fatal error: 'ac_nonexistent.h' file not found
#include <ac_nonexistent.h>
         ^~~~~~~~~~~~~~~~~~
1 error generated.
configure:7142: $? = 1
configure: failed program was:
| /* confdefs.h */
| #define PACKAGE_NAME "spatialindex"
| #define PACKAGE_TARNAME "spatialindex-src"
| #define PACKAGE_VERSION "1.8.5"
| #define PACKAGE_STRING "spatialindex 1.8.5"
| #define PACKAGE_BUGREPORT "mhadji@gmail.com"
| #define PACKAGE_URL ""
| /* end confdefs.h.  */
| #include <ac_nonexistent.h>
configure:7167: result: gcc -E
configure:7187: gcc -E  conftest.c
configure:7187: $? = 0
configure:7201: gcc -E  conftest.c
conftest.c:9:10: fatal error: 'ac_nonexistent.h' file not found
#include <ac_nonexistent.h>
         ^~~~~~~~~~~~~~~~~~
1 error generated.
configure:7201: $? = 1
configure: failed program was:
| /* confdefs.h */
| #define PACKAGE_NAME "spatialindex"
| #define PACKAGE_TARNAME "spatialindex-src"
| #define PACKAGE_VERSION "1.8.5"
| #define PACKAGE_STRING "spatialindex 1.8.5"
| #define PACKAGE_BUGREPORT "mhadji@gmail.com"
| #define PACKAGE_URL ""
| /* end confdefs.h.  */
| #include <ac_nonexistent.h>
configure:7230: checking for ANSI C header files
configure:7250: gcc -c -Wall -Wno-long-long -pedantic   conftest.c >&5
configure:7250: $? = 0
configure:7323: gcc -o conftest -Wall -Wno-long-long -pedantic    conftest.c  >&5
configure:7323: $? = 0
configure:7323: ./conftest
configure:7323: $? = 0
configure:7334: result: yes
configure:7347: checking for sys/types.h
configure:7347: gcc -c -Wall -Wno-long-long -pedantic   conftest.c >&5
configure:7347: $? = 0
configure:7347: result: yes
configure:7347: checking for sys/stat.h
configure:7347: gcc -c -Wall -Wno-long-long -pedantic   conftest.c >&5
configure:7347: $? = 0
configure:7347: result: yes
configure:7347: checking for stdlib.h
configure:7347: gcc -c -Wall -Wno-long-long -pedantic   conftest.c >&5
configure:7347: $? = 0
configure:7347: result: yes
configure:7347: checking for string.h
configure:7347: gcc -c -Wall -Wno-long-long -pedantic   conftest.c >&5
configure:7347: $? = 0
configure:7347: result: yes
configure:7347: checking for memory.h
configure:7347: gcc -c -Wall -Wno-long-long -pedantic   conftest.c >&5
configure:7347: $? = 0
configure:7347: result: yes
configure:7347: checking for strings.h
configure:7347: gcc -c -Wall -Wno-long-long -pedantic   conftest.c >&5
configure:7347: $? = 0
configure:7347: result: yes
configure:7347: checking for inttypes.h
configure:7347: gcc -c -Wall -Wno-long-long -pedantic   conftest.c >&5
configure:7347: $? = 0
configure:7347: result: yes
configure:7347: checking for stdint.h
configure:7347: gcc -c -Wall -Wno-long-long -pedantic   conftest.c >&5
configure:7347: $? = 0
configure:7347: result: yes
configure:7347: checking for unistd.h
configure:7347: gcc -c -Wall -Wno-long-long -pedantic   conftest.c >&5
configure:7347: $? = 0
configure:7347: result: yes
configure:7361: checking for dlfcn.h
configure:7361: gcc -c -Wall -Wno-long-long -pedantic   conftest.c >&5
configure:7361: $? = 0
configure:7361: result: yes
configure:7578: checking for objdir
configure:7593: result: .libs
configure:7864: checking if gcc supports -fno-rtti -fno-exceptions
configure:7882: gcc -c -Wall -Wno-long-long -pedantic   -fno-rtti -fno-exceptions conftest.c >&5
configure:7886: $? = 0
configure:7899: result: yes
configure:8226: checking for gcc option to produce PIC
configure:8233: result: -fno-common -DPIC
configure:8241: checking if gcc PIC flag -fno-common -DPIC works
configure:8259: gcc -c -Wall -Wno-long-long -pedantic   -fno-common -DPIC -DPIC conftest.c >&5
configure:8263: $? = 0
configure:8276: result: yes
configure:8305: checking if gcc static flag -static works
configure:8333: result: no
configure:8348: checking if gcc supports -c -o file.o
configure:8369: gcc -c -Wall -Wno-long-long -pedantic   -o out/conftest2.o conftest.c >&5
configure:8373: $? = 0
configure:8395: result: yes
configure:8403: checking if gcc supports -c -o file.o
configure:8450: result: yes
configure:8483: checking whether the gcc linker (/Applications/Xcode.app/Contents/Developer/Toolchains/XcodeDefault.xctoolchain/usr/bin/ld) supports shared libraries
configure:9640: result: yes
configure:9880: checking dynamic linker characteristics
configure:10614: result: darwin19.2.0 dyld
configure:10721: checking how to hardcode library paths into programs
configure:10746: result: immediate
configure:11286: checking whether stripping libraries is possible
configure:11300: result: yes
configure:11326: checking if libtool supports shared libraries
configure:11328: result: yes
configure:11331: checking whether to build shared libraries
configure:11352: result: yes
configure:11355: checking whether to build static libraries
configure:11359: result: yes
configure:11382: checking how to run the C++ preprocessor
configure:11448: result: g++ -E
configure:11468: g++ -E  conftest.cpp
configure:11468: $? = 0
configure:11482: g++ -E  conftest.cpp
conftest.cpp:21:10: fatal error: 'ac_nonexistent.h' file not found
#include <ac_nonexistent.h>
         ^~~~~~~~~~~~~~~~~~
1 error generated.
configure:11482: $? = 1
configure: failed program was:
| /* confdefs.h */
| #define PACKAGE_NAME "spatialindex"
| #define PACKAGE_TARNAME "spatialindex-src"
| #define PACKAGE_VERSION "1.8.5"
| #define PACKAGE_STRING "spatialindex 1.8.5"
| #define PACKAGE_BUGREPORT "mhadji@gmail.com"
| #define PACKAGE_URL ""
| #define STDC_HEADERS 1
| #define HAVE_SYS_TYPES_H 1
| #define HAVE_SYS_STAT_H 1
| #define HAVE_STDLIB_H 1
| #define HAVE_STRING_H 1
| #define HAVE_MEMORY_H 1
| #define HAVE_STRINGS_H 1
| #define HAVE_INTTYPES_H 1
| #define HAVE_STDINT_H 1
| #define HAVE_UNISTD_H 1
| #define HAVE_DLFCN_H 1
| #define LT_OBJDIR ".libs/"
| /* end confdefs.h.  */
| #include <ac_nonexistent.h>
configure:11651: checking for ld used by g++
configure:11718: result: /Applications/Xcode.app/Contents/Developer/Toolchains/XcodeDefault.xctoolchain/usr/bin/ld
configure:11725: checking if the linker (/Applications/Xcode.app/Contents/Developer/Toolchains/XcodeDefault.xctoolchain/usr/bin/ld) is GNU ld
configure:11740: result: no
configure:11795: checking whether the g++ linker (/Applications/Xcode.app/Contents/Developer/Toolchains/XcodeDefault.xctoolchain/usr/bin/ld) supports shared libraries
configure:12797: result: yes
configure:12833: g++ -c -Wall -Wno-long-long -pedantic -std=c++98   conftest.cpp >&5
configure:12836: $? = 0
configure:13356: checking for g++ option to produce PIC
configure:13363: result: -fno-common -DPIC
configure:13371: checking if g++ PIC flag -fno-common -DPIC works
configure:13389: g++ -c -Wall -Wno-long-long -pedantic -std=c++98   -fno-common -DPIC -DPIC conftest.cpp >&5
configure:13393: $? = 0
configure:13406: result: yes
configure:13429: checking if g++ static flag -static works
configure:13457: result: no
configure:13469: checking if g++ supports -c -o file.o
configure:13490: g++ -c -Wall -Wno-long-long -pedantic -std=c++98   -o out/conftest2.o conftest.cpp >&5
configure:13494: $? = 0
configure:13516: result: yes
configure:13521: checking if g++ supports -c -o file.o
configure:13568: result: yes
configure:13598: checking whether the g++ linker (/Applications/Xcode.app/Contents/Developer/Toolchains/XcodeDefault.xctoolchain/usr/bin/ld) supports shared libraries
configure:13637: result: yes
configure:13778: checking dynamic linker characteristics
configure:14446: result: darwin19.2.0 dyld
configure:14499: checking how to hardcode library paths into programs
configure:14524: result: immediate
configure:14587: checking whether build environment is sane
configure:14642: result: yes
configure:14677: WARNING: 'missing' script is too old or missing
configure:14790: checking for a thread-safe mkdir -p
configure:14829: result: ./install-sh -c -d
configure:14853: checking for style of include used by make
configure:14881: result: GNU
configure:14915: checking whether make supports nested variables
configure:14932: result: yes
configure:15017: checking dependency style of gcc
configure:15128: result: gcc3
configure:15145: checking dependency style of g++
configure:15256: result: gcc3
configure:15317: checking fcntl.h usability
configure:15317: gcc -c -Wall -Wno-long-long -pedantic   conftest.c >&5
configure:15317: $? = 0
configure:15317: result: yes
configure:15317: checking fcntl.h presence
configure:15317: gcc -E  conftest.c
configure:15317: $? = 0
configure:15317: result: yes
configure:15317: checking for fcntl.h
configure:15317: result: yes
configure:15331: checking for unistd.h
configure:15331: result: yes
configure:15345: checking for sys/types.h
configure:15345: result: yes
configure:15359: checking for sys/stat.h
configure:15359: result: yes
configure:15374: checking pthread.h usability
configure:15374: gcc -c -Wall -Wno-long-long -pedantic   conftest.c >&5
configure:15374: $? = 0
configure:15374: result: yes
configure:15374: checking pthread.h presence
configure:15374: gcc -E  conftest.c
configure:15374: $? = 0
configure:15374: result: yes
configure:15374: checking for pthread.h
configure:15374: result: yes
configure:15390: checking sys/resource.h usability
configure:15390: gcc -c -Wall -Wno-long-long -pedantic   conftest.c >&5
configure:15390: $? = 0
configure:15390: result: yes
configure:15390: checking sys/resource.h presence
configure:15390: gcc -E  conftest.c
configure:15390: $? = 0
configure:15390: result: yes
configure:15390: checking for sys/resource.h
configure:15390: result: yes
configure:15404: checking sys/time.h usability
configure:15404: gcc -c -Wall -Wno-long-long -pedantic   conftest.c >&5
configure:15404: $? = 0
configure:15404: result: yes
configure:15404: checking sys/time.h presence
configure:15404: gcc -E  conftest.c
configure:15404: $? = 0
configure:15404: result: yes
configure:15404: checking for sys/time.h
configure:15404: result: yes
configure:15418: checking for stdint.h
configure:15418: result: yes
configure:15432: checking features.h usability
configure:15432: gcc -c -Wall -Wno-long-long -pedantic   conftest.c >&5
conftest.c:64:10: fatal error: 'features.h' file not found
#include <features.h>
         ^~~~~~~~~~~~
1 error generated.
configure:15432: $? = 1
configure: failed program was:
| /* confdefs.h */
| #define PACKAGE_NAME "spatialindex"
| #define PACKAGE_TARNAME "spatialindex-src"
| #define PACKAGE_VERSION "1.8.5"
| #define PACKAGE_STRING "spatialindex 1.8.5"
| #define PACKAGE_BUGREPORT "mhadji@gmail.com"
| #define PACKAGE_URL ""
| #define STDC_HEADERS 1
| #define HAVE_SYS_TYPES_H 1
| #define HAVE_SYS_STAT_H 1
| #define HAVE_STDLIB_H 1
| #define HAVE_STRING_H 1
| #define HAVE_MEMORY_H 1
| #define HAVE_STRINGS_H 1
| #define HAVE_INTTYPES_H 1
| #define HAVE_STDINT_H 1
| #define HAVE_UNISTD_H 1
| #define HAVE_DLFCN_H 1
| #define LT_OBJDIR ".libs/"
| #define PACKAGE "spatialindex-src"
| #define VERSION "1.8.5"
| #define HAVE_FCNTL_H 1
| #define HAVE_UNISTD_H 1
| #define HAVE_SYS_TYPES_H 1
| #define HAVE_SYS_STAT_H 1
| #define HAVE_PTHREAD_H 1
| #define HAVE_SYS_RESOURCE_H 1
| #define HAVE_SYS_TIME_H 1
| #define HAVE_STDINT_H 1
| /* end confdefs.h.  */
| #include <stdio.h>
| #ifdef HAVE_SYS_TYPES_H
| # include <sys/types.h>
| #endif
| #ifdef HAVE_SYS_STAT_H
| # include <sys/stat.h>
| #endif
| #ifdef STDC_HEADERS
| # include <stdlib.h>
| # include <stddef.h>
| #else
| # ifdef HAVE_STDLIB_H
| #  include <stdlib.h>
| # endif
| #endif
| #ifdef HAVE_STRING_H
| # if !defined STDC_HEADERS && defined HAVE_MEMORY_H
| #  include <memory.h>
| # endif
| # include <string.h>
| #endif
| #ifdef HAVE_STRINGS_H
| # include <strings.h>
| #endif
| #ifdef HAVE_INTTYPES_H
| # include <inttypes.h>
| #endif
| #ifdef HAVE_STDINT_H
| # include <stdint.h>
| #endif
| #ifdef HAVE_UNISTD_H
| # include <unistd.h>
| #endif
| #include <features.h>
configure:15432: result: no
configure:15432: checking features.h presence
configure:15432: gcc -E  conftest.c
conftest.c:31:10: fatal error: 'features.h' file not found
#include <features.h>
         ^~~~~~~~~~~~
1 error generated.
configure:15432: $? = 1
configure: failed program was:
| /* confdefs.h */
| #define PACKAGE_NAME "spatialindex"
| #define PACKAGE_TARNAME "spatialindex-src"
| #define PACKAGE_VERSION "1.8.5"
| #define PACKAGE_STRING "spatialindex 1.8.5"
| #define PACKAGE_BUGREPORT "mhadji@gmail.com"
| #define PACKAGE_URL ""
| #define STDC_HEADERS 1
| #define HAVE_SYS_TYPES_H 1
| #define HAVE_SYS_STAT_H 1
| #define HAVE_STDLIB_H 1
| #define HAVE_STRING_H 1
| #define HAVE_MEMORY_H 1
| #define HAVE_STRINGS_H 1
| #define HAVE_INTTYPES_H 1
| #define HAVE_STDINT_H 1
| #define HAVE_UNISTD_H 1
| #define HAVE_DLFCN_H 1
| #define LT_OBJDIR ".libs/"
| #define PACKAGE "spatialindex-src"
| #define VERSION "1.8.5"
| #define HAVE_FCNTL_H 1
| #define HAVE_UNISTD_H 1
| #define HAVE_SYS_TYPES_H 1
| #define HAVE_SYS_STAT_H 1
| #define HAVE_PTHREAD_H 1
| #define HAVE_SYS_RESOURCE_H 1
| #define HAVE_SYS_TIME_H 1
| #define HAVE_STDINT_H 1
| /* end confdefs.h.  */
| #include <features.h>
configure:15432: result: no
configure:15432: checking for features.h
configure:15432: result: no
configure:15461: result: checking wether debug information is enabled... no
configure:15469: checking for gettimeofday
configure:15469: gcc -o conftest -Wall -Wno-long-long -pedantic    conftest.c  -lpthread >&5
configure:15469: $? = 0
configure:15469: result: yes
configure:15469: checking for memset
configure:15469: gcc -o conftest -Wall -Wno-long-long -pedantic    conftest.c  -lpthread >&5
conftest.c:55:6: warning: incompatible redeclaration of library function 'memset' [-Wincompatible-library-redeclaration]
char memset ();
     ^
conftest.c:55:6: note: 'memset' is a builtin with type 'void *(void *, int, unsigned long)'
1 warning generated.
configure:15469: $? = 0
configure:15469: result: yes
configure:15469: checking for memcpy
configure:15469: gcc -o conftest -Wall -Wno-long-long -pedantic    conftest.c  -lpthread >&5
conftest.c:56:6: warning: incompatible redeclaration of library function 'memcpy' [-Wincompatible-library-redeclaration]
char memcpy ();
     ^
conftest.c:56:6: note: 'memcpy' is a builtin with type 'void *(void *, const void *, unsigned long)'
1 warning generated.
configure:15469: $? = 0
configure:15469: result: yes
configure:15469: checking for bcopy
configure:15469: gcc -o conftest -Wall -Wno-long-long -pedantic    conftest.c  -lpthread >&5
configure:15469: $? = 0
configure:15469: result: yes
configure:15469: checking for srand48
configure:15469: gcc -o conftest -Wall -Wno-long-long -pedantic    conftest.c  -lpthread >&5
configure:15469: $? = 0
configure:15469: result: yes
configure:15636: checking that generated files are newer than configure
configure:15642: result: done
configure:15673: creating ./config.status

## ---------------------- ##
## Running config.status. ##
## ---------------------- ##

This file was extended by spatialindex config.status 1.8.5, which was
generated by GNU Autoconf 2.69.  Invocation command line was

  CONFIG_FILES    = 
  CONFIG_HEADERS  = 
  CONFIG_LINKS    = 
  CONFIG_COMMANDS = 
  $ ./config.status 

on Zachs-MBP-2

config.status:1081: creating Makefile
config.status:1081: creating include/Makefile
config.status:1081: creating src/Makefile
config.status:1081: creating src/libspatialindex.pc
config.status:1081: creating src/capi/Makefile
config.status:1081: creating src/spatialindex/Makefile
config.status:1081: creating src/storagemanager/Makefile
config.status:1081: creating src/rtree/Makefile
config.status:1081: creating src/mvrtree/Makefile
config.status:1081: creating src/tprtree/Makefile
config.status:1081: creating src/tools/Makefile
config.status:1081: creating test/Makefile
config.status:1081: creating test/geometry/Makefile
config.status:1081: creating test/rtree/Makefile
config.status:1081: creating test/mvrtree/Makefile
config.status:1081: creating test/tprtree/Makefile
config.status:1253: executing libtool commands
config.status:1253: executing depfiles commands

## ---------------- ##
## Cache variables. ##
## ---------------- ##

ac_cv_build=x86_64-apple-darwin19.2.0
ac_cv_c_compiler_gnu=yes
ac_cv_cxx_compiler_gnu=yes
ac_cv_env_CCC_set=
ac_cv_env_CCC_value=
ac_cv_env_CC_set=
ac_cv_env_CC_value=
ac_cv_env_CFLAGS_set=
ac_cv_env_CFLAGS_value=
ac_cv_env_CPPFLAGS_set=
ac_cv_env_CPPFLAGS_value=
ac_cv_env_CPP_set=
ac_cv_env_CPP_value=
ac_cv_env_CXXCPP_set=
ac_cv_env_CXXCPP_value=
ac_cv_env_CXXFLAGS_set=
ac_cv_env_CXXFLAGS_value=
ac_cv_env_CXX_set=
ac_cv_env_CXX_value=
ac_cv_env_LDFLAGS_set=
ac_cv_env_LDFLAGS_value=
ac_cv_env_LIBS_set=
ac_cv_env_LIBS_value=
ac_cv_env_build_alias_set=
ac_cv_env_build_alias_value=
ac_cv_env_host_alias_set=
ac_cv_env_host_alias_value=
ac_cv_env_target_alias_set=
ac_cv_env_target_alias_value=
ac_cv_func_bcopy=yes
ac_cv_func_gettimeofday=yes
ac_cv_func_memcpy=yes
ac_cv_func_memset=yes
ac_cv_func_srand48=yes
ac_cv_header_dlfcn_h=yes
ac_cv_header_fcntl_h=yes
ac_cv_header_features_h=no
ac_cv_header_inttypes_h=yes
ac_cv_header_memory_h=yes
ac_cv_header_pthread_h=yes
ac_cv_header_stdc=yes
ac_cv_header_stdint_h=yes
ac_cv_header_stdlib_h=yes
ac_cv_header_string_h=yes
ac_cv_header_strings_h=yes
ac_cv_header_sys_resource_h=yes
ac_cv_header_sys_stat_h=yes
ac_cv_header_sys_time_h=yes
ac_cv_header_sys_types_h=yes
ac_cv_header_unistd_h=yes
ac_cv_host=x86_64-apple-darwin19.2.0
ac_cv_objext=o
ac_cv_path_EGREP='/usr/bin/grep -E'
ac_cv_path_FGREP='/usr/bin/grep -F'
ac_cv_path_GREP=/usr/bin/grep
ac_cv_path_SED=/usr/bin/sed
ac_cv_path_install='/usr/bin/install -c'
ac_cv_prog_AWK=awk
ac_cv_prog_CPP='gcc -E'
ac_cv_prog_CXXCPP='g++ -E'
ac_cv_prog_ac_ct_AR=ar
ac_cv_prog_ac_ct_CC=gcc
ac_cv_prog_ac_ct_CXX=g++
ac_cv_prog_ac_ct_DSYMUTIL=dsymutil
ac_cv_prog_ac_ct_LIPO=lipo
ac_cv_prog_ac_ct_NMEDIT=nmedit
ac_cv_prog_ac_ct_OBJDUMP=objdump
ac_cv_prog_ac_ct_OTOOL=otool
ac_cv_prog_ac_ct_RANLIB=ranlib
ac_cv_prog_ac_ct_STRIP=strip
ac_cv_prog_cc_c89=
ac_cv_prog_cc_g=yes
ac_cv_prog_cxx_g=yes
ac_cv_prog_make_make_set=yes
am_cv_CC_dependencies_compiler_type=gcc3
am_cv_CXX_dependencies_compiler_type=gcc3
am_cv_make_support_nested_variables=yes
am_cv_prog_cc_c_o=yes
lt_cv_apple_cc_single_mod=yes
lt_cv_ar_at_file=no
lt_cv_deplibs_check_method=pass_all
lt_cv_file_magic_cmd='$MAGIC_CMD'
lt_cv_file_magic_test_file=
lt_cv_ld_exported_symbols_list=yes
lt_cv_ld_force_load=yes
lt_cv_ld_reload_flag=-r
lt_cv_nm_interface='BSD nm'
lt_cv_objdir=.libs
lt_cv_path_LD=/Applications/Xcode.app/Contents/Developer/Toolchains/XcodeDefault.xctoolchain/usr/bin/ld
lt_cv_path_LDCXX=/Applications/Xcode.app/Contents/Developer/Toolchains/XcodeDefault.xctoolchain/usr/bin/ld
lt_cv_path_NM='/usr/bin/nm -B'
lt_cv_path_mainfest_tool=no
lt_cv_prog_compiler_c_o=yes
lt_cv_prog_compiler_c_o_CXX=yes
lt_cv_prog_compiler_pic='-fno-common -DPIC'
lt_cv_prog_compiler_pic_CXX='-fno-common -DPIC'
lt_cv_prog_compiler_pic_works=yes
lt_cv_prog_compiler_pic_works_CXX=yes
lt_cv_prog_compiler_rtti_exceptions=yes
lt_cv_prog_compiler_static_works=no
lt_cv_prog_compiler_static_works_CXX=no
lt_cv_prog_gnu_ld=no
lt_cv_prog_gnu_ldcxx=no
lt_cv_sharedlib_from_linklib_cmd='printf %s\n'
lt_cv_sys_global_symbol_pipe='sed -n -e '\''s/^.*[	 ]\([BCDEGRST][BCDEGRST]*\)[	 ][	 ]*_\([_A-Za-z][_A-Za-z0-9]*\)$/\1 _\2 \2/p'\'' | sed '\''/ __gnu_lto/d'\'''
lt_cv_sys_global_symbol_to_c_name_address='sed -n -e '\''s/^: \([^ ]*\)[ ]*$/  {\"\1\", (void *) 0},/p'\'' -e '\''s/^[BCDEGRST]* \([^ ]*\) \([^ ]*\)$/  {"\2", (void *) \&\2},/p'\'''
lt_cv_sys_global_symbol_to_c_name_address_lib_prefix='sed -n -e '\''s/^: \([^ ]*\)[ ]*$/  {\"\1\", (void *) 0},/p'\'' -e '\''s/^[BCDEGRST]* \([^ ]*\) \(lib[^ ]*\)$/  {"\2", (void *) \&\2},/p'\'' -e '\''s/^[BCDEGRST]* \([^ ]*\) \([^ ]*\)$/  {"lib\2", (void *) \&\2},/p'\'''
lt_cv_sys_global_symbol_to_cdecl='sed -n -e '\''s/^T .* \(.*\)$/extern int \1();/p'\'' -e '\''s/^[BCDEGRST]* .* \(.*\)$/extern char \1;/p'\'''
lt_cv_sys_max_cmd_len=196608
lt_cv_to_host_file_cmd=func_convert_file_noop
lt_cv_to_tool_file_cmd=func_convert_file_noop

## ----------------- ##
## Output variables. ##
## ----------------- ##

ACLOCAL='aclocal-1.14'
AMDEPBACKSLASH='\'
AMDEP_FALSE='#'
AMDEP_TRUE=''
AMTAR='$${TAR-tar}'
AM_BACKSLASH='\'
AM_DEFAULT_V='$(AM_DEFAULT_VERBOSITY)'
AM_DEFAULT_VERBOSITY='1'
AM_V='$(V)'
AR='ar'
AUTOCONF='autoconf'
AUTOHEADER='autoheader'
AUTOMAKE='automake-1.14'
AWK='awk'
CC='gcc'
CCDEPMODE='depmode=gcc3'
CFLAGS='-Wall -Wno-long-long -pedantic '
CPP='gcc -E'
CPPFLAGS=''
CXX='g++'
CXXCPP='g++ -E'
CXXDEPMODE='depmode=gcc3'
CXXFLAGS='-Wall -Wno-long-long -pedantic -std=c++98  -O2 -DNDEBUG'
CYGPATH_W='echo'
DEFS='-DPACKAGE_NAME=\"spatialindex\" -DPACKAGE_TARNAME=\"spatialindex-src\" -DPACKAGE_VERSION=\"1.8.5\" -DPACKAGE_STRING=\"spatialindex\ 1.8.5\" -DPACKAGE_BUGREPORT=\"mhadji@gmail.com\" -DPACKAGE_URL=\"\" -DSTDC_HEADERS=1 -DHAVE_SYS_TYPES_H=1 -DHAVE_SYS_STAT_H=1 -DHAVE_STDLIB_H=1 -DHAVE_STRING_H=1 -DHAVE_MEMORY_H=1 -DHAVE_STRINGS_H=1 -DHAVE_INTTYPES_H=1 -DHAVE_STDINT_H=1 -DHAVE_UNISTD_H=1 -DHAVE_DLFCN_H=1 -DLT_OBJDIR=\".libs/\" -DPACKAGE=\"spatialindex-src\" -DVERSION=\"1.8.5\" -DHAVE_FCNTL_H=1 -DHAVE_UNISTD_H=1 -DHAVE_SYS_TYPES_H=1 -DHAVE_SYS_STAT_H=1 -DHAVE_PTHREAD_H=1 -DHAVE_SYS_RESOURCE_H=1 -DHAVE_SYS_TIME_H=1 -DHAVE_STDINT_H=1 -DHAVE_GETTIMEOFDAY=1 -DHAVE_MEMSET=1 -DHAVE_MEMCPY=1 -DHAVE_BCOPY=1 -DHAVE_SRAND48=1'
DEPDIR='.deps'
DLLTOOL='false'
DSYMUTIL='dsymutil'
DUMPBIN=''
ECHO_C='\c'
ECHO_N=''
ECHO_T=''
EGREP='/usr/bin/grep -E'
EXEEXT=''
FGREP='/usr/bin/grep -F'
GREP='/usr/bin/grep'
INSTALL_DATA='${INSTALL} -m 644'
INSTALL_PROGRAM='${INSTALL}'
INSTALL_SCRIPT='${INSTALL}'
INSTALL_STRIP_PROGRAM='$(install_sh) -c -s'
LD='/Applications/Xcode.app/Contents/Developer/Toolchains/XcodeDefault.xctoolchain/usr/bin/ld'
LDFLAGS=''
LIBOBJS=''
LIBS=' -lpthread'
LIBTOOL='$(SHELL) $(top_builddir)/libtool'
LIPO='lipo'
LN_S='ln -s'
LTLIBOBJS=''
MAKEINFO='makeinfo'
MANIFEST_TOOL=':'
MKDIR_P='./install-sh -c -d'
NM='/usr/bin/nm -B'
NMEDIT='nmedit'
OBJDUMP='objdump'
OBJEXT='o'
OTOOL64=':'
OTOOL='otool'
PACKAGE='spatialindex-src'
PACKAGE_BUGREPORT='mhadji@gmail.com'
PACKAGE_NAME='spatialindex'
PACKAGE_STRING='spatialindex 1.8.5'
PACKAGE_TARNAME='spatialindex-src'
PACKAGE_URL=''
PACKAGE_VERSION='1.8.5'
PATH_SEPARATOR=':'
RAND_IS_CONFIG_FALSE=''
RAND_IS_CONFIG_TRUE='#'
RANLIB='ranlib'
SED='/usr/bin/sed'
SET_MAKE=''
SHELL='/bin/sh'
STRIP='strip'
VERSION='1.8.5'
ac_ct_AR='ar'
ac_ct_CC='gcc'
ac_ct_CXX='g++'
ac_ct_DUMPBIN=''
am__EXEEXT_FALSE=''
am__EXEEXT_TRUE='#'
am__fastdepCC_FALSE='#'
am__fastdepCC_TRUE=''
am__fastdepCXX_FALSE='#'
am__fastdepCXX_TRUE=''
am__include='include'
am__isrc=''
am__leading_dot='.'
am__nodep='_no'
am__quote=''
am__tar='$${TAR-tar} chof - "$$tardir"'
am__untar='$${TAR-tar} xf -'
bindir='${exec_prefix}/bin'
build='x86_64-apple-darwin19.2.0'
build_alias=''
build_cpu='x86_64'
build_os='darwin19.2.0'
build_vendor='apple'
datadir='${datarootdir}'
datarootdir='${prefix}/share'
docdir='${datarootdir}/doc/${PACKAGE_TARNAME}'
dvidir='${docdir}'
exec_prefix='${prefix}'
host='x86_64-apple-darwin19.2.0'
host_alias=''
host_cpu='x86_64'
host_os='darwin19.2.0'
host_vendor='apple'
htmldir='${docdir}'
includedir='${prefix}/include'
infodir='${datarootdir}/info'
install_sh='${SHELL} /Users/zachdoernberg/Python_Workspace/beltlineAnalysis/spatialindex-src-1.8.5/install-sh'
libdir='${exec_prefix}/lib'
libexecdir='${exec_prefix}/libexec'
localedir='${datarootdir}/locale'
localstatedir='${prefix}/var'
mandir='${datarootdir}/man'
mkdir_p='$(MKDIR_P)'
oldincludedir='/usr/include'
pdfdir='${docdir}'
prefix='/usr/local'
program_transform_name='s,x,x,'
psdir='${docdir}'
sbindir='${exec_prefix}/sbin'
sharedstatedir='${prefix}/com'
sysconfdir='${prefix}/etc'
target_alias=''

## ----------- ##
## confdefs.h. ##
## ----------- ##

/* confdefs.h */
#define PACKAGE_NAME "spatialindex"
#define PACKAGE_TARNAME "spatialindex-src"
#define PACKAGE_VERSION "1.8.5"
#define PACKAGE_STRING "spatialindex 1.8.5"
#define PACKAGE_BUGREPORT "mhadji@gmail.com"
#define PACKAGE_URL ""
#define STDC_HEADERS 1
#define HAVE_SYS_TYPES_H 1
#define HAVE_SYS_STAT_H 1
#define HAVE_STDLIB_H 1
#define HAVE_STRING_H 1
#define HAVE_MEMORY_H 1
#define HAVE_STRINGS_H 1
#define HAVE_INTTYPES_H 1
#define HAVE_STDINT_H 1
#define HAVE_UNISTD_H 1
#define HAVE_DLFCN_H 1
#define LT_OBJDIR ".libs/"
#define PACKAGE "spatialindex-src"
#define VERSION "1.8.5"
#define HAVE_FCNTL_H 1
#define HAVE_UNISTD_H 1
#define HAVE_SYS_TYPES_H 1
#define HAVE_SYS_STAT_H 1
#define HAVE_PTHREAD_H 1
#define HAVE_SYS_RESOURCE_H 1
#define HAVE_SYS_TIME_H 1
#define HAVE_STDINT_H 1
#define HAVE_GETTIMEOFDAY 1
#define HAVE_MEMSET 1
#define HAVE_MEMCPY 1
#define HAVE_BCOPY 1
#define HAVE_SRAND48 1

configure: exit 0
